{"C:\\Users\\Fouda\\Desktop\\testJobaas\\backend\\index.js": {"path":"C:\\Users\\Fouda\\Desktop\\testJobaas\\backend\\index.js","statementMap":{"0":{"start":{"line":1,"column":0},"end":{"line":1,"column":26}},"1":{"start":{"line":2,"column":16},"end":{"line":2,"column":34}},"2":{"start":{"line":3,"column":13},"end":{"line":3,"column":28}},"3":{"start":{"line":4,"column":16},"end":{"line":4,"column":38}},"4":{"start":{"line":5,"column":15},"end":{"line":5,"column":45}},"5":{"start":{"line":6,"column":15},"end":{"line":6,"column":34}},"6":{"start":{"line":7,"column":13},"end":{"line":7,"column":29}},"7":{"start":{"line":8,"column":11},"end":{"line":8,"column":39}},"8":{"start":{"line":9,"column":12},"end":{"line":9,"column":21}},"9":{"start":{"line":11,"column":0},"end":{"line":11,"column":16}},"10":{"start":{"line":13,"column":0},"end":{"line":13,"column":50}},"11":{"start":{"line":16,"column":0},"end":{"line":16,"column":26}},"12":{"start":{"line":18,"column":0},"end":{"line":18,"column":16}},"13":{"start":{"line":22,"column":0},"end":{"line":22,"column":6}},"14":{"start":{"line":30,"column":13},"end":{"line":32,"column":2}},"15":{"start":{"line":31,"column":2},"end":{"line":31,"column":43}},"16":{"start":{"line":33,"column":0},"end":{"line":33,"column":22}}},"fnMap":{"0":{"name":"(anonymous_0)","decl":{"start":{"line":30,"column":30},"end":{"line":30,"column":31}},"loc":{"start":{"line":30,"column":42},"end":{"line":32,"column":1}},"line":30}},"branchMap":{},"s":{"0":1,"1":1,"2":1,"3":1,"4":1,"5":1,"6":1,"7":1,"8":0,"9":0,"10":0,"11":0,"12":0,"13":0,"14":0,"15":0,"16":0},"f":{"0":0},"b":{},"_coverageSchema":"1a1c01bbd47fc00a2c39e90264f33305004495a9","hash":"ba270fa9886b557beec16f8929cc19e5a2b51c3a"}
,"C:\\Users\\Fouda\\Desktop\\testJobaas\\backend\\config\\database.js": {"path":"C:\\Users\\Fouda\\Desktop\\testJobaas\\backend\\config\\database.js","statementMap":{"0":{"start":{"line":1,"column":11},"end":{"line":1,"column":36}},"1":{"start":{"line":2,"column":16},"end":{"line":15,"column":1}},"2":{"start":{"line":3,"column":4},"end":{"line":14,"column":7}},"3":{"start":{"line":9,"column":8},"end":{"line":9,"column":50}},"4":{"start":{"line":12,"column":8},"end":{"line":12,"column":60}},"5":{"start":{"line":13,"column":8},"end":{"line":13,"column":23}},"6":{"start":{"line":16,"column":0},"end":{"line":16,"column":24}}},"fnMap":{"0":{"name":"(anonymous_0)","decl":{"start":{"line":2,"column":16},"end":{"line":2,"column":17}},"loc":{"start":{"line":2,"column":21},"end":{"line":15,"column":1}},"line":2},"1":{"name":"(anonymous_1)","decl":{"start":{"line":8,"column":10},"end":{"line":8,"column":11}},"loc":{"start":{"line":8,"column":21},"end":{"line":10,"column":5}},"line":8},"2":{"name":"(anonymous_2)","decl":{"start":{"line":11,"column":11},"end":{"line":11,"column":12}},"loc":{"start":{"line":11,"column":18},"end":{"line":14,"column":5}},"line":11}},"branchMap":{},"s":{"0":1,"1":0,"2":0,"3":0,"4":0,"5":0,"6":0},"f":{"0":0,"1":0,"2":0},"b":{},"_coverageSchema":"1a1c01bbd47fc00a2c39e90264f33305004495a9","hash":"8a919fe548d393cf5928009fb6362f243b17e9a5"}
,"C:\\Users\\Fouda\\Desktop\\testJobaas\\backend\\controller\\user.js": {"path":"C:\\Users\\Fouda\\Desktop\\testJobaas\\backend\\controller\\user.js","statementMap":{"0":{"start":{"line":1,"column":13},"end":{"line":1,"column":38}},"1":{"start":{"line":3,"column":20},"end":{"line":28,"column":1}},"2":{"start":{"line":4,"column":5},"end":{"line":4,"column":36}},"3":{"start":{"line":5,"column":5},"end":{"line":5,"column":35}},"4":{"start":{"line":6,"column":5},"end":{"line":6,"column":32}},"5":{"start":{"line":7,"column":5},"end":{"line":7,"column":32}},"6":{"start":{"line":8,"column":5},"end":{"line":8,"column":33}},"7":{"start":{"line":9,"column":17},"end":{"line":15,"column":6}},"8":{"start":{"line":16,"column":4},"end":{"line":26,"column":7}},"9":{"start":{"line":17,"column":8},"end":{"line":17,"column":75}},"10":{"start":{"line":18,"column":8},"end":{"line":18,"column":46}},"11":{"start":{"line":19,"column":8},"end":{"line":19,"column":28}},"12":{"start":{"line":23,"column":8},"end":{"line":23,"column":80}},"13":{"start":{"line":24,"column":8},"end":{"line":24,"column":47}},"14":{"start":{"line":25,"column":8},"end":{"line":25,"column":28}},"15":{"start":{"line":29,"column":17},"end":{"line":41,"column":3}},"16":{"start":{"line":30,"column":2},"end":{"line":39,"column":5}},"17":{"start":{"line":31,"column":4},"end":{"line":31,"column":31}},"18":{"start":{"line":34,"column":2},"end":{"line":36,"column":5}},"19":{"start":{"line":42,"column":21},"end":{"line":55,"column":5}},"20":{"start":{"line":43,"column":15},"end":{"line":43,"column":28}},"21":{"start":{"line":44,"column":4},"end":{"line":53,"column":7}},"22":{"start":{"line":45,"column":6},"end":{"line":45,"column":33}},"23":{"start":{"line":48,"column":4},"end":{"line":50,"column":7}},"24":{"start":{"line":57,"column":22},"end":{"line":86,"column":3}},"25":{"start":{"line":58,"column":17},"end":{"line":64,"column":6}},"26":{"start":{"line":65,"column":4},"end":{"line":69,"column":5}},"27":{"start":{"line":66,"column":6},"end":{"line":68,"column":9}},"28":{"start":{"line":71,"column":15},"end":{"line":71,"column":28}},"29":{"start":{"line":73,"column":4},"end":{"line":85,"column":9}},"30":{"start":{"line":75,"column":8},"end":{"line":79,"column":75}},"31":{"start":{"line":76,"column":10},"end":{"line":78,"column":13}},"32":{"start":{"line":79,"column":15},"end":{"line":79,"column":75}},"33":{"start":{"line":82,"column":8},"end":{"line":84,"column":11}},"34":{"start":{"line":87,"column":22},"end":{"line":107,"column":3}},"35":{"start":{"line":88,"column":13},"end":{"line":88,"column":26}},"36":{"start":{"line":90,"column":2},"end":{"line":106,"column":7}},"37":{"start":{"line":92,"column":6},"end":{"line":100,"column":7}},"38":{"start":{"line":93,"column":8},"end":{"line":95,"column":11}},"39":{"start":{"line":97,"column":8},"end":{"line":99,"column":11}},"40":{"start":{"line":103,"column":6},"end":{"line":105,"column":9}},"41":{"start":{"line":110,"column":2},"end":{"line":116,"column":4}}},"fnMap":{"0":{"name":"(anonymous_0)","decl":{"start":{"line":3,"column":20},"end":{"line":3,"column":21}},"loc":{"start":{"line":3,"column":40},"end":{"line":28,"column":1}},"line":3},"1":{"name":"(anonymous_1)","decl":{"start":{"line":16,"column":22},"end":{"line":16,"column":23}},"loc":{"start":{"line":16,"column":28},"end":{"line":21,"column":5}},"line":16},"2":{"name":"(anonymous_2)","decl":{"start":{"line":22,"column":11},"end":{"line":22,"column":12}},"loc":{"start":{"line":22,"column":20},"end":{"line":26,"column":5}},"line":22},"3":{"name":"(anonymous_3)","decl":{"start":{"line":29,"column":17},"end":{"line":29,"column":18}},"loc":{"start":{"line":29,"column":33},"end":{"line":41,"column":3}},"line":29},"4":{"name":"(anonymous_4)","decl":{"start":{"line":30,"column":19},"end":{"line":30,"column":20}},"loc":{"start":{"line":30,"column":25},"end":{"line":32,"column":3}},"line":30},"5":{"name":"(anonymous_5)","decl":{"start":{"line":33,"column":7},"end":{"line":33,"column":8}},"loc":{"start":{"line":33,"column":14},"end":{"line":39,"column":3}},"line":33},"6":{"name":"(anonymous_6)","decl":{"start":{"line":42,"column":21},"end":{"line":42,"column":22}},"loc":{"start":{"line":42,"column":37},"end":{"line":55,"column":5}},"line":42},"7":{"name":"(anonymous_7)","decl":{"start":{"line":44,"column":27},"end":{"line":44,"column":28}},"loc":{"start":{"line":44,"column":33},"end":{"line":46,"column":5}},"line":44},"8":{"name":"(anonymous_8)","decl":{"start":{"line":47,"column":9},"end":{"line":47,"column":10}},"loc":{"start":{"line":47,"column":16},"end":{"line":53,"column":5}},"line":47},"9":{"name":"(anonymous_9)","decl":{"start":{"line":57,"column":22},"end":{"line":57,"column":23}},"loc":{"start":{"line":57,"column":42},"end":{"line":86,"column":3}},"line":57},"10":{"name":"(anonymous_10)","decl":{"start":{"line":74,"column":12},"end":{"line":74,"column":13}},"loc":{"start":{"line":74,"column":20},"end":{"line":80,"column":7}},"line":74},"11":{"name":"(anonymous_11)","decl":{"start":{"line":81,"column":13},"end":{"line":81,"column":14}},"loc":{"start":{"line":81,"column":20},"end":{"line":85,"column":7}},"line":81},"12":{"name":"(anonymous_12)","decl":{"start":{"line":87,"column":22},"end":{"line":87,"column":23}},"loc":{"start":{"line":87,"column":36},"end":{"line":107,"column":3}},"line":87},"13":{"name":"(anonymous_13)","decl":{"start":{"line":91,"column":10},"end":{"line":91,"column":11}},"loc":{"start":{"line":91,"column":18},"end":{"line":101,"column":5}},"line":91},"14":{"name":"(anonymous_14)","decl":{"start":{"line":102,"column":11},"end":{"line":102,"column":12}},"loc":{"start":{"line":102,"column":18},"end":{"line":106,"column":5}},"line":102}},"branchMap":{"0":{"loc":{"start":{"line":65,"column":4},"end":{"line":69,"column":5}},"type":"if","locations":[{"start":{"line":65,"column":4},"end":{"line":69,"column":5}},{"start":{},"end":{}}],"line":65},"1":{"loc":{"start":{"line":75,"column":8},"end":{"line":79,"column":75}},"type":"if","locations":[{"start":{"line":75,"column":8},"end":{"line":79,"column":75}},{"start":{"line":79,"column":15},"end":{"line":79,"column":75}}],"line":75},"2":{"loc":{"start":{"line":92,"column":6},"end":{"line":100,"column":7}},"type":"if","locations":[{"start":{"line":92,"column":6},"end":{"line":100,"column":7}},{"start":{"line":96,"column":13},"end":{"line":100,"column":7}}],"line":92}},"s":{"0":1,"1":1,"2":0,"3":0,"4":0,"5":0,"6":0,"7":0,"8":0,"9":0,"10":0,"11":0,"12":0,"13":0,"14":0,"15":1,"16":0,"17":0,"18":0,"19":1,"20":0,"21":0,"22":0,"23":0,"24":1,"25":0,"26":0,"27":0,"28":0,"29":0,"30":0,"31":0,"32":0,"33":0,"34":1,"35":0,"36":0,"37":0,"38":0,"39":0,"40":0,"41":1},"f":{"0":0,"1":0,"2":0,"3":0,"4":0,"5":0,"6":0,"7":0,"8":0,"9":0,"10":0,"11":0,"12":0,"13":0,"14":0},"b":{"0":[0,0],"1":[0,0],"2":[0,0]},"_coverageSchema":"1a1c01bbd47fc00a2c39e90264f33305004495a9","hash":"f9c25e4965a4b0d0019e771e3970c76efe82fddb"}
,"C:\\Users\\Fouda\\Desktop\\testJobaas\\backend\\models\\user.js": {"path":"C:\\Users\\Fouda\\Desktop\\testJobaas\\backend\\models\\user.js","statementMap":{"0":{"start":{"line":1,"column":17},"end":{"line":1,"column":36}},"1":{"start":{"line":2,"column":19},"end":{"line":28,"column":2}},"2":{"start":{"line":30,"column":0},"end":{"line":30,"column":53}}},"fnMap":{},"branchMap":{},"s":{"0":1,"1":1,"2":1},"f":{},"b":{},"_coverageSchema":"1a1c01bbd47fc00a2c39e90264f33305004495a9","hash":"7e840652c93fc466a5cff61e148c78a17bbfbc5e"}
,"C:\\Users\\Fouda\\Desktop\\testJobaas\\backend\\routes\\usersRoute.js": {"path":"C:\\Users\\Fouda\\Desktop\\testJobaas\\backend\\routes\\usersRoute.js","statementMap":{"0":{"start":{"line":1,"column":15},"end":{"line":1,"column":42}},"1":{"start":{"line":2,"column":13},"end":{"line":2,"column":38}},"2":{"start":{"line":3,"column":71},"end":{"line":3,"column":100}},"3":{"start":{"line":6,"column":0},"end":{"line":6,"column":31}},"4":{"start":{"line":7,"column":0},"end":{"line":7,"column":37}},"5":{"start":{"line":8,"column":0},"end":{"line":8,"column":38}},"6":{"start":{"line":9,"column":0},"end":{"line":9,"column":43}},"7":{"start":{"line":10,"column":0},"end":{"line":10,"column":47}},"8":{"start":{"line":12,"column":0},"end":{"line":12,"column":24}}},"fnMap":{},"branchMap":{},"s":{"0":1,"1":1,"2":1,"3":1,"4":1,"5":1,"6":1,"7":1,"8":1},"f":{},"b":{},"_coverageSchema":"1a1c01bbd47fc00a2c39e90264f33305004495a9","hash":"2ee7a39924a26a921dbf79eb2b3e45ead14f106a"}
}
